SET_PARAMETER refclk_source_gt_3 MGTREFCLK0_115
SET_PARAMETER sysclk_mode_external false
SET_PARAMETER protocol_datawidth_1 16
SET_PARAMETER protocol_datawidth_2 20
SET_PARAMETER protocol_datawidth_3 20
SET_PARAMETER check_refclk_sources_gt true
SET_PARAMETER sysclock_source_int MGT3_116
SET_PARAMETER gt_naming_style MGTm_n
SET_PARAMETER protocol_count 1
SET_PARAMETER protocol_1 Name_Protocol
SET_PARAMETER protocol_2 Name_Protocol
SET_PARAMETER protocol_3 Name_Protocol
SET_PARAMETER protocol_gt_0 Custom_1_/_3.2_Gbps
SET_PARAMETER protocol_gt_1 Custom_1_/_3.2_Gbps
SET_PARAMETER protocol_gt_2 Custom_1_/_3.2_Gbps
SET_PARAMETER protocol_gt_3 Custom_1_/_3.2_Gbps
SET_PARAMETER protocol_rxrefclk_frequency_1 160.00
SET_PARAMETER rxrecclk_pin_location UNASSIGNED
SET_PARAMETER protocol_rxrefclk_frequency_2 156.25
SET_PARAMETER protocol_rxrefclk_frequency_3 156.25
SET_PARAMETER rxrecclk_gtx_location MGT0_116
SET_PARAMETER select_mode gb
SET_PARAMETER protocol_maxlinerate_1 3.2
SET_PARAMETER protocol_maxlinerate_2 3.125
SET_PARAMETER protocol_maxlinerate_3 3.125
SET_PARAMETER sysclk_frequency 100
SET_PARAMETER add_rxrecclk_probes false
SET_PARAMETER rxrecclk_is_dif true
SET_PARAMETER protocol_quad_0 None
SET_PARAMETER protocol_quad_1 None
SET_PARAMETER refclk_source_quad_0 None
SET_PARAMETER check_refclk_sources true
SET_PARAMETER protocol_quad_2 None
SET_PARAMETER refclk_source_quad_1 None
SET_PARAMETER protocol_quad_3 None
SET_PARAMETER refclk_source_quad_2 None
SET_PARAMETER protocol_quad_4 None
SET_PARAMETER refclk_source_quad_3 None
SET_PARAMETER protocol_quad_5 None
SET_PARAMETER refclk_source_quad_4 None
SET_PARAMETER protocol_quad_6 None
SET_PARAMETER refclk_source_quad_5 None
SET_PARAMETER protocol_quad_7 None
SET_PARAMETER refclk_source_quad_6 None
SET_PARAMETER protocol_quad_8 None
SET_PARAMETER refclk_source_quad_7 None
SET_PARAMETER protocol_quad_9 None
SET_PARAMETER refclk_source_quad_8 None
SET_PARAMETER refclk_source_quad_9 None
SET_PARAMETER sysclk_frequency_int 160.00
SET_PARAMETER rxrecclk_pin_std LVDS_25
SET_PARAMETER enable_diff_term false
SET_PARAMETER board_config_settings User_Defined
SET_PARAMETER component_name chipscope_ibert
SET_PARAMETER disable_sysclk_buf false
SET_PARAMETER sysclk_io_pin_loc UNASSIGNED
SET_PARAMETER select_quad QUAD_116
SET_PARAMETER protocol_custom_1 Custom_1
SET_PARAMETER protocol_custom_2 Custom_2
SET_PARAMETER sysclk_io_pin_std LVCMOS25
SET_PARAMETER protocol_custom_3 Custom_3
SET_PARAMETER protocol_quad_10 None
SET_PARAMETER protocol_quad_11 None
SET_PARAMETER protocol_quad_12 None
SET_PARAMETER protocol_quad_13 None
SET_PARAMETER protocol_quad_14 None
SET_PARAMETER protocol_quad_15 None
SET_PARAMETER refclk_source_quad_10 None
SET_PARAMETER refclk_source_quad_11 None
SET_PARAMETER refclk_source_quad_12 None
SET_PARAMETER refclk_source_quad_13 None
SET_PARAMETER refclk_source_quad_14 None
SET_PARAMETER refclk_source_quad_15 None
SET_PARAMETER gt_correct true
SET_PARAMETER generate_bit_stream true
SET_PARAMETER protocol_gt_count_1 4
SET_PARAMETER protocol_gt_count_2 0
SET_PARAMETER protocol_gt_count_3 0
SET_PARAMETER target_design_platform User_Defined
SET_PARAMETER refclk_source_gt_0 MGTREFCLK0_115
SET_PARAMETER refclk_source_gt_1 MGTREFCLK0_115
SET_PARAMETER refclk_source_gt_2 MGTREFCLK0_115
SET_ERROR_CODE 2
SET_ERROR_MSG  CANCEL: Customization cancelled.
SET_ERROR_TEXT Finished initializing IP model.	
